<?xml version="1.0" encoding="UTF-8"?>
<!-- Generated by org.testng.reporters.JUnitReportReporter -->
<testsuite skipped="0" hostname="Safdar-PC" name="com.uback.donor.Tests.LoginPageTest" tests="6" failures="0" timestamp="2020-05-13T16:26:04 IST" time="10.667" errors="0">
  <testcase name="verifyLoginPageTitleTest" time="0.204" classname="com.uback.donor.Tests.LoginPageTest"/>
  <system-out/>
  <testcase name="LogoTest" time="2.011" classname="com.uback.donor.Tests.LoginPageTest"/>
  <system-out/>
  <testcase name="verifyForgotPassTest" time="1.411" classname="com.uback.donor.Tests.LoginPageTest"/>
  <system-out/>
  <testcase name="FooterLogoTest" time="1.468" classname="com.uback.donor.Tests.LoginPageTest"/>
  <system-out/>
  <testcase name="CheckAllFooterLinkTest" time="0.268" classname="com.uback.donor.Tests.LoginPageTest"/>
  <system-out/>
  <testcase name="loginTest" time="5.305" classname="com.uback.donor.Tests.LoginPageTest"/>
  <system-out/>
</testsuite> <!-- com.uback.donor.Tests.LoginPageTest -->
