<?xml version="1.0" encoding="UTF-8"?>
<!-- Generated by org.testng.reporters.JUnitReportReporter -->
<testsuite skipped="0" hostname="Safdar-PC" name="com.uback.donor.Tests.LoginPageTest" tests="6" failures="0" timestamp="2020-05-13T17:14:57 IST" time="9.287" errors="0">
  <testcase name="verifyLoginPageTitleTest" time="0.315" classname="com.uback.donor.Tests.LoginPageTest"/>
  <system-out/>
  <testcase name="LogoTest" time="1.343" classname="com.uback.donor.Tests.LoginPageTest"/>
  <system-out/>
  <testcase name="verifyForgotPassTest" time="1.383" classname="com.uback.donor.Tests.LoginPageTest"/>
  <system-out/>
  <testcase name="FooterLogoTest" time="1.480" classname="com.uback.donor.Tests.LoginPageTest"/>
  <system-out/>
  <testcase name="CheckAllFooterLinkTest" time="0.299" classname="com.uback.donor.Tests.LoginPageTest"/>
  <system-out/>
  <testcase name="loginTest" time="4.467" classname="com.uback.donor.Tests.LoginPageTest"/>
  <system-out/>
</testsuite> <!-- com.uback.donor.Tests.LoginPageTest -->
