<?xml version="1.0" encoding="UTF-8"?>
<!-- Generated by org.testng.reporters.JUnitReportReporter -->
<testsuite skipped="0" hostname="Safdar-PC" name="com.uback.donor.Tests.LoginPageTest" tests="6" failures="0" timestamp="2020-05-14T15:20:36 IST" time="9.844" errors="0">
  <testcase name="verifyLoginPageTitleTest" time="0.271" classname="com.uback.donor.Tests.LoginPageTest"/>
  <system-out/>
  <testcase name="LogoTest" time="1.465" classname="com.uback.donor.Tests.LoginPageTest"/>
  <system-out/>
  <testcase name="verifyForgotPassTest" time="1.420" classname="com.uback.donor.Tests.LoginPageTest"/>
  <system-out/>
  <testcase name="FooterLogoTest" time="1.490" classname="com.uback.donor.Tests.LoginPageTest"/>
  <system-out/>
  <testcase name="CheckAllFooterLinkTest" time="0.290" classname="com.uback.donor.Tests.LoginPageTest"/>
  <system-out/>
  <testcase name="loginTest" time="4.908" classname="com.uback.donor.Tests.LoginPageTest"/>
  <system-out/>
</testsuite> <!-- com.uback.donor.Tests.LoginPageTest -->
